{"C:\\Users\\echk1\\Desktop\\finalProject\\back\\src\\controllers\\userController.ts": {"path":"C:\\Users\\echk1\\Desktop\\finalProject\\back\\src\\controllers\\userController.ts","statementMap":{"0":{"start":{"line":2,"column":0},"end":{"line":2,"column":null}},"1":{"start":{"line":18,"column":0},"end":{"line":18,"column":78}},"2":{"start":{"line":20,"column":0},"end":{"line":20,"column":73}},"3":{"start":{"line":21,"column":0},"end":{"line":21,"column":49}},"4":{"start":{"line":22,"column":0},"end":{"line":22,"column":59}},"5":{"start":{"line":23,"column":0},"end":{"line":23,"column":59}},"6":{"start":{"line":25,"column":0},"end":{"line":25,"column":43}},"7":{"start":{"line":26,"column":0},"end":{"line":26,"column":50}},"8":{"start":{"line":27,"column":0},"end":{"line":27,"column":36}},"9":{"start":{"line":29,"column":28},"end":{"line":47,"column":2}},"10":{"start":{"line":29,"column":66},"end":{"line":47,"column":2}},"11":{"start":{"line":32,"column":53},"end":{"line":32,"column":61}},"12":{"start":{"line":34,"column":20},"end":{"line":34,"column":59}},"13":{"start":{"line":36,"column":17},"end":{"line":36,"column":42}},"14":{"start":{"line":38,"column":2},"end":{"line":41,"column":3}},"15":{"start":{"line":40,"column":4},"end":{"line":40,"column":63}},"16":{"start":{"line":44,"column":15},"end":{"line":44,"column":41}},"17":{"start":{"line":46,"column":2},"end":{"line":46,"column":36}},"18":{"start":{"line":29,"column":13},"end":{"line":29,"column":28}},"19":{"start":{"line":49,"column":25},"end":{"line":61,"column":2}},"20":{"start":{"line":49,"column":64},"end":{"line":61,"column":2}},"21":{"start":{"line":57,"column":17},"end":{"line":57,"column":28}},"22":{"start":{"line":58,"column":26},"end":{"line":58,"column":46}},"23":{"start":{"line":60,"column":2},"end":{"line":60,"column":59}},"24":{"start":{"line":49,"column":13},"end":{"line":49,"column":25}},"25":{"start":{"line":63,"column":29},"end":{"line":75,"column":2}},"26":{"start":{"line":63,"column":68},"end":{"line":75,"column":2}},"27":{"start":{"line":71,"column":17},"end":{"line":71,"column":35}},"28":{"start":{"line":72,"column":26},"end":{"line":72,"column":46}},"29":{"start":{"line":74,"column":2},"end":{"line":74,"column":59}},"30":{"start":{"line":63,"column":13},"end":{"line":63,"column":29}},"31":{"start":{"line":77,"column":26},"end":{"line":90,"column":2}},"32":{"start":{"line":77,"column":65},"end":{"line":90,"column":2}},"33":{"start":{"line":84,"column":15},"end":{"line":84,"column":54}},"34":{"start":{"line":85,"column":16},"end":{"line":85,"column":57}},"35":{"start":{"line":87,"column":19},"end":{"line":87,"column":49}},"36":{"start":{"line":89,"column":2},"end":{"line":89,"column":52}},"37":{"start":{"line":77,"column":13},"end":{"line":77,"column":26}},"38":{"start":{"line":92,"column":27},"end":{"line":107,"column":2}},"39":{"start":{"line":92,"column":66},"end":{"line":107,"column":2}},"40":{"start":{"line":100,"column":15},"end":{"line":100,"column":54}},"41":{"start":{"line":101,"column":16},"end":{"line":101,"column":57}},"42":{"start":{"line":102,"column":17},"end":{"line":102,"column":28}},"43":{"start":{"line":104,"column":23},"end":{"line":104,"column":62}},"44":{"start":{"line":106,"column":2},"end":{"line":106,"column":60}},"45":{"start":{"line":92,"column":13},"end":{"line":92,"column":27}},"46":{"start":{"line":109,"column":26},"end":{"line":127,"column":2}},"47":{"start":{"line":109,"column":65},"end":{"line":127,"column":2}},"48":{"start":{"line":116,"column":20},"end":{"line":116,"column":33}},"49":{"start":{"line":118,"column":2},"end":{"line":118,"column":26}},"50":{"start":{"line":120,"column":2},"end":{"line":126,"column":5}},"51":{"start":{"line":121,"column":4},"end":{"line":123,"column":5}},"52":{"start":{"line":122,"column":6},"end":{"line":122,"column":72}},"53":{"start":{"line":124,"column":4},"end":{"line":124,"column":33}},"54":{"start":{"line":125,"column":4},"end":{"line":125,"column":56}},"55":{"start":{"line":109,"column":13},"end":{"line":109,"column":26}},"56":{"start":{"line":129,"column":25},"end":{"line":143,"column":2}},"57":{"start":{"line":129,"column":64},"end":{"line":143,"column":2}},"58":{"start":{"line":137,"column":17},"end":{"line":137,"column":34}},"59":{"start":{"line":140,"column":19},"end":{"line":140,"column":44}},"60":{"start":{"line":142,"column":2},"end":{"line":142,"column":45}},"61":{"start":{"line":129,"column":13},"end":{"line":129,"column":25}},"62":{"start":{"line":145,"column":26},"end":{"line":168,"column":2}},"63":{"start":{"line":145,"column":65},"end":{"line":168,"column":2}},"64":{"start":{"line":154,"column":43},"end":{"line":154,"column":51}},"65":{"start":{"line":156,"column":17},"end":{"line":156,"column":34}},"66":{"start":{"line":157,"column":20},"end":{"line":157,"column":65}},"67":{"start":{"line":159,"column":17},"end":{"line":159,"column":42}},"68":{"start":{"line":161,"column":2},"end":{"line":163,"column":3}},"69":{"start":{"line":162,"column":4},"end":{"line":162,"column":63}},"70":{"start":{"line":165,"column":22},"end":{"line":165,"column":63}},"71":{"start":{"line":167,"column":2},"end":{"line":167,"column":51}},"72":{"start":{"line":145,"column":13},"end":{"line":145,"column":26}},"73":{"start":{"line":170,"column":26},"end":{"line":189,"column":2}},"74":{"start":{"line":170,"column":65},"end":{"line":189,"column":2}},"75":{"start":{"line":178,"column":18},"end":{"line":178,"column":29}},"76":{"start":{"line":179,"column":25},"end":{"line":179,"column":42}},"77":{"start":{"line":181,"column":2},"end":{"line":183,"column":3}},"78":{"start":{"line":182,"column":4},"end":{"line":182,"column":58}},"79":{"start":{"line":186,"column":2},"end":{"line":186,"column":42}},"80":{"start":{"line":188,"column":2},"end":{"line":188,"column":53}},"81":{"start":{"line":170,"column":13},"end":{"line":170,"column":26}},"82":{"start":{"line":191,"column":30},"end":{"line":210,"column":2}},"83":{"start":{"line":191,"column":69},"end":{"line":210,"column":2}},"84":{"start":{"line":195,"column":20},"end":{"line":195,"column":28}},"85":{"start":{"line":197,"column":20},"end":{"line":197,"column":56}},"86":{"start":{"line":198,"column":15},"end":{"line":198,"column":46}},"87":{"start":{"line":200,"column":2},"end":{"line":203,"column":3}},"88":{"start":{"line":201,"column":21},"end":{"line":201,"column":42}},"89":{"start":{"line":202,"column":4},"end":{"line":202,"column":75}},"90":{"start":{"line":205,"column":2},"end":{"line":205,"column":34}},"91":{"start":{"line":207,"column":2},"end":{"line":209,"column":49}},"92":{"start":{"line":191,"column":13},"end":{"line":191,"column":30}},"93":{"start":{"line":212,"column":29},"end":{"line":225,"column":2}},"94":{"start":{"line":212,"column":68},"end":{"line":225,"column":2}},"95":{"start":{"line":219,"column":30},"end":{"line":219,"column":38}},"96":{"start":{"line":222,"column":2},"end":{"line":222,"column":43}},"97":{"start":{"line":224,"column":2},"end":{"line":224,"column":62}},"98":{"start":{"line":212,"column":13},"end":{"line":212,"column":29}},"99":{"start":{"line":227,"column":23},"end":{"line":261,"column":2}},"100":{"start":{"line":227,"column":62},"end":{"line":261,"column":2}},"101":{"start":{"line":231,"column":23},"end":{"line":231,"column":44}},"102":{"start":{"line":232,"column":17},"end":{"line":232,"column":32}},"103":{"start":{"line":234,"column":2},"end":{"line":237,"column":3}},"104":{"start":{"line":235,"column":21},"end":{"line":235,"column":42}},"105":{"start":{"line":236,"column":4},"end":{"line":236,"column":75}},"106":{"start":{"line":239,"column":17},"end":{"line":239,"column":62}},"107":{"start":{"line":240,"column":2},"end":{"line":242,"column":3}},"108":{"start":{"line":241,"column":4},"end":{"line":241,"column":69}},"109":{"start":{"line":245,"column":22},"end":{"line":245,"column":49}},"110":{"start":{"line":247,"column":26},"end":{"line":247,"column":60}},"111":{"start":{"line":250,"column":2},"end":{"line":250,"column":74}},"112":{"start":{"line":253,"column":2},"end":{"line":258,"column":4}},"113":{"start":{"line":260,"column":2},"end":{"line":260,"column":37}},"114":{"start":{"line":227,"column":13},"end":{"line":227,"column":23}},"115":{"start":{"line":263,"column":29},"end":{"line":269,"column":1}},"116":{"start":{"line":268,"column":2},"end":{"line":268,"column":20}},"117":{"start":{"line":263,"column":13},"end":{"line":263,"column":29}},"118":{"start":{"line":271,"column":29},"end":{"line":291,"column":2}},"119":{"start":{"line":271,"column":68},"end":{"line":291,"column":2}},"120":{"start":{"line":279,"column":21},"end":{"line":279,"column":51}},"121":{"start":{"line":280,"column":16},"end":{"line":280,"column":41}},"122":{"start":{"line":281,"column":15},"end":{"line":281,"column":54}},"123":{"start":{"line":282,"column":16},"end":{"line":282,"column":57}},"124":{"start":{"line":284,"column":2},"end":{"line":286,"column":3}},"125":{"start":{"line":285,"column":4},"end":{"line":285,"column":65}},"126":{"start":{"line":288,"column":24},"end":{"line":288,"column":70}},"127":{"start":{"line":290,"column":2},"end":{"line":290,"column":62}},"128":{"start":{"line":271,"column":13},"end":{"line":271,"column":29}},"129":{"start":{"line":294,"column":25},"end":{"line":303,"column":2}},"130":{"start":{"line":294,"column":64},"end":{"line":303,"column":2}},"131":{"start":{"line":298,"column":20},"end":{"line":298,"column":28}},"132":{"start":{"line":300,"column":2},"end":{"line":300,"column":27}},"133":{"start":{"line":302,"column":2},"end":{"line":302,"column":46}},"134":{"start":{"line":294,"column":13},"end":{"line":294,"column":25}},"135":{"start":{"line":306,"column":27},"end":{"line":327,"column":2}},"136":{"start":{"line":306,"column":66},"end":{"line":327,"column":2}},"137":{"start":{"line":310,"column":20},"end":{"line":310,"column":30}},"138":{"start":{"line":312,"column":19},"end":{"line":317,"column":4}},"139":{"start":{"line":319,"column":15},"end":{"line":319,"column":45}},"140":{"start":{"line":320,"column":2},"end":{"line":322,"column":3}},"141":{"start":{"line":321,"column":4},"end":{"line":321,"column":63}},"142":{"start":{"line":324,"column":2},"end":{"line":324,"column":27}},"143":{"start":{"line":326,"column":2},"end":{"line":326,"column":38}},"144":{"start":{"line":306,"column":13},"end":{"line":306,"column":27}},"145":{"start":{"line":329,"column":29},"end":{"line":334,"column":1}},"146":{"start":{"line":333,"column":2},"end":{"line":333,"column":41}},"147":{"start":{"line":329,"column":13},"end":{"line":329,"column":29}},"148":{"start":{"line":337,"column":25},"end":{"line":354,"column":2}},"149":{"start":{"line":337,"column":64},"end":{"line":354,"column":2}},"150":{"start":{"line":341,"column":40},"end":{"line":341,"column":48}},"151":{"start":{"line":343,"column":20},"end":{"line":343,"column":69}},"152":{"start":{"line":345,"column":15},"end":{"line":345,"column":46}},"153":{"start":{"line":347,"column":2},"end":{"line":349,"column":3}},"154":{"start":{"line":348,"column":4},"end":{"line":348,"column":63}},"155":{"start":{"line":351,"column":23},"end":{"line":351,"column":68}},"156":{"start":{"line":353,"column":2},"end":{"line":353,"column":60}},"157":{"start":{"line":337,"column":13},"end":{"line":337,"column":25}}},"fnMap":{"0":{"name":"(anonymous_7)","decl":{"start":{"line":29,"column":28},"end":{"line":29,"column":35}},"loc":{"start":{"line":29,"column":66},"end":{"line":47,"column":2}}},"1":{"name":"(anonymous_8)","decl":{"start":{"line":29,"column":66},"end":{"line":29,"column":null}},"loc":{"start":{"line":29,"column":66},"end":{"line":47,"column":1}}},"2":{"name":"(anonymous_9)","decl":{"start":{"line":49,"column":25},"end":{"line":49,"column":32}},"loc":{"start":{"line":49,"column":64},"end":{"line":61,"column":2}}},"3":{"name":"(anonymous_10)","decl":{"start":{"line":49,"column":64},"end":{"line":49,"column":null}},"loc":{"start":{"line":49,"column":64},"end":{"line":61,"column":1}}},"4":{"name":"(anonymous_11)","decl":{"start":{"line":63,"column":29},"end":{"line":63,"column":36}},"loc":{"start":{"line":63,"column":68},"end":{"line":75,"column":2}}},"5":{"name":"(anonymous_12)","decl":{"start":{"line":63,"column":68},"end":{"line":63,"column":null}},"loc":{"start":{"line":63,"column":68},"end":{"line":75,"column":1}}},"6":{"name":"(anonymous_13)","decl":{"start":{"line":77,"column":26},"end":{"line":77,"column":33}},"loc":{"start":{"line":77,"column":65},"end":{"line":90,"column":2}}},"7":{"name":"(anonymous_14)","decl":{"start":{"line":77,"column":65},"end":{"line":77,"column":null}},"loc":{"start":{"line":77,"column":65},"end":{"line":90,"column":1}}},"8":{"name":"(anonymous_15)","decl":{"start":{"line":92,"column":27},"end":{"line":92,"column":34}},"loc":{"start":{"line":92,"column":66},"end":{"line":107,"column":2}}},"9":{"name":"(anonymous_16)","decl":{"start":{"line":92,"column":66},"end":{"line":92,"column":null}},"loc":{"start":{"line":92,"column":66},"end":{"line":107,"column":1}}},"10":{"name":"(anonymous_17)","decl":{"start":{"line":109,"column":26},"end":{"line":109,"column":33}},"loc":{"start":{"line":109,"column":65},"end":{"line":127,"column":2}}},"11":{"name":"(anonymous_18)","decl":{"start":{"line":109,"column":65},"end":{"line":109,"column":null}},"loc":{"start":{"line":109,"column":65},"end":{"line":127,"column":1}}},"12":{"name":"(anonymous_19)","decl":{"start":{"line":120,"column":22},"end":{"line":120,"column":23}},"loc":{"start":{"line":120,"column":30},"end":{"line":126,"column":3}}},"13":{"name":"(anonymous_20)","decl":{"start":{"line":129,"column":25},"end":{"line":129,"column":32}},"loc":{"start":{"line":129,"column":64},"end":{"line":143,"column":2}}},"14":{"name":"(anonymous_21)","decl":{"start":{"line":129,"column":64},"end":{"line":129,"column":null}},"loc":{"start":{"line":129,"column":64},"end":{"line":143,"column":1}}},"15":{"name":"(anonymous_22)","decl":{"start":{"line":145,"column":26},"end":{"line":145,"column":33}},"loc":{"start":{"line":145,"column":65},"end":{"line":168,"column":2}}},"16":{"name":"(anonymous_23)","decl":{"start":{"line":145,"column":65},"end":{"line":145,"column":null}},"loc":{"start":{"line":145,"column":65},"end":{"line":168,"column":1}}},"17":{"name":"(anonymous_24)","decl":{"start":{"line":170,"column":26},"end":{"line":170,"column":33}},"loc":{"start":{"line":170,"column":65},"end":{"line":189,"column":2}}},"18":{"name":"(anonymous_25)","decl":{"start":{"line":170,"column":65},"end":{"line":170,"column":null}},"loc":{"start":{"line":170,"column":65},"end":{"line":189,"column":1}}},"19":{"name":"(anonymous_26)","decl":{"start":{"line":191,"column":30},"end":{"line":191,"column":37}},"loc":{"start":{"line":191,"column":69},"end":{"line":210,"column":2}}},"20":{"name":"(anonymous_27)","decl":{"start":{"line":191,"column":69},"end":{"line":191,"column":null}},"loc":{"start":{"line":191,"column":69},"end":{"line":210,"column":1}}},"21":{"name":"(anonymous_28)","decl":{"start":{"line":212,"column":29},"end":{"line":212,"column":36}},"loc":{"start":{"line":212,"column":68},"end":{"line":225,"column":2}}},"22":{"name":"(anonymous_29)","decl":{"start":{"line":212,"column":68},"end":{"line":212,"column":null}},"loc":{"start":{"line":212,"column":68},"end":{"line":225,"column":1}}},"23":{"name":"(anonymous_30)","decl":{"start":{"line":227,"column":23},"end":{"line":227,"column":30}},"loc":{"start":{"line":227,"column":62},"end":{"line":261,"column":2}}},"24":{"name":"(anonymous_31)","decl":{"start":{"line":227,"column":62},"end":{"line":227,"column":null}},"loc":{"start":{"line":227,"column":62},"end":{"line":261,"column":1}}},"25":{"name":"(anonymous_32)","decl":{"start":{"line":263,"column":29},"end":{"line":263,"column":30}},"loc":{"start":{"line":263,"column":62},"end":{"line":269,"column":1}}},"26":{"name":"(anonymous_33)","decl":{"start":{"line":271,"column":29},"end":{"line":271,"column":36}},"loc":{"start":{"line":271,"column":68},"end":{"line":291,"column":2}}},"27":{"name":"(anonymous_34)","decl":{"start":{"line":271,"column":68},"end":{"line":271,"column":null}},"loc":{"start":{"line":271,"column":68},"end":{"line":291,"column":1}}},"28":{"name":"(anonymous_35)","decl":{"start":{"line":294,"column":25},"end":{"line":294,"column":32}},"loc":{"start":{"line":294,"column":64},"end":{"line":303,"column":2}}},"29":{"name":"(anonymous_36)","decl":{"start":{"line":294,"column":64},"end":{"line":294,"column":null}},"loc":{"start":{"line":294,"column":64},"end":{"line":303,"column":1}}},"30":{"name":"(anonymous_37)","decl":{"start":{"line":306,"column":27},"end":{"line":306,"column":34}},"loc":{"start":{"line":306,"column":66},"end":{"line":327,"column":2}}},"31":{"name":"(anonymous_38)","decl":{"start":{"line":306,"column":66},"end":{"line":306,"column":null}},"loc":{"start":{"line":306,"column":66},"end":{"line":327,"column":1}}},"32":{"name":"(anonymous_39)","decl":{"start":{"line":329,"column":29},"end":{"line":329,"column":30}},"loc":{"start":{"line":329,"column":62},"end":{"line":334,"column":1}}},"33":{"name":"(anonymous_40)","decl":{"start":{"line":337,"column":25},"end":{"line":337,"column":32}},"loc":{"start":{"line":337,"column":64},"end":{"line":354,"column":2}}},"34":{"name":"(anonymous_41)","decl":{"start":{"line":337,"column":64},"end":{"line":337,"column":null}},"loc":{"start":{"line":337,"column":64},"end":{"line":354,"column":1}}}},"branchMap":{"0":{"loc":{"start":{"line":38,"column":2},"end":{"line":41,"column":3}},"type":"if","locations":[{"start":{"line":38,"column":2},"end":{"line":41,"column":3}}]},"1":{"loc":{"start":{"line":84,"column":15},"end":{"line":84,"column":54}},"type":"binary-expr","locations":[{"start":{"line":84,"column":15},"end":{"line":84,"column":49}},{"start":{"line":84,"column":53},"end":{"line":84,"column":54}}]},"2":{"loc":{"start":{"line":85,"column":16},"end":{"line":85,"column":57}},"type":"binary-expr","locations":[{"start":{"line":85,"column":16},"end":{"line":85,"column":51}},{"start":{"line":85,"column":55},"end":{"line":85,"column":57}}]},"3":{"loc":{"start":{"line":100,"column":15},"end":{"line":100,"column":54}},"type":"binary-expr","locations":[{"start":{"line":100,"column":15},"end":{"line":100,"column":49}},{"start":{"line":100,"column":53},"end":{"line":100,"column":54}}]},"4":{"loc":{"start":{"line":101,"column":16},"end":{"line":101,"column":57}},"type":"binary-expr","locations":[{"start":{"line":101,"column":16},"end":{"line":101,"column":51}},{"start":{"line":101,"column":55},"end":{"line":101,"column":57}}]},"5":{"loc":{"start":{"line":121,"column":4},"end":{"line":123,"column":5}},"type":"if","locations":[{"start":{"line":121,"column":4},"end":{"line":123,"column":5}}]},"6":{"loc":{"start":{"line":161,"column":2},"end":{"line":163,"column":3}},"type":"if","locations":[{"start":{"line":161,"column":2},"end":{"line":163,"column":3}}]},"7":{"loc":{"start":{"line":181,"column":2},"end":{"line":183,"column":3}},"type":"if","locations":[{"start":{"line":181,"column":2},"end":{"line":183,"column":3}}]},"8":{"loc":{"start":{"line":200,"column":2},"end":{"line":203,"column":3}},"type":"if","locations":[{"start":{"line":200,"column":2},"end":{"line":203,"column":3}}]},"9":{"loc":{"start":{"line":234,"column":2},"end":{"line":237,"column":3}},"type":"if","locations":[{"start":{"line":234,"column":2},"end":{"line":237,"column":3}}]},"10":{"loc":{"start":{"line":240,"column":2},"end":{"line":242,"column":3}},"type":"if","locations":[{"start":{"line":240,"column":2},"end":{"line":242,"column":3}}]},"11":{"loc":{"start":{"line":281,"column":15},"end":{"line":281,"column":54}},"type":"binary-expr","locations":[{"start":{"line":281,"column":15},"end":{"line":281,"column":49}},{"start":{"line":281,"column":53},"end":{"line":281,"column":54}}]},"12":{"loc":{"start":{"line":282,"column":16},"end":{"line":282,"column":57}},"type":"binary-expr","locations":[{"start":{"line":282,"column":16},"end":{"line":282,"column":51}},{"start":{"line":282,"column":55},"end":{"line":282,"column":57}}]},"13":{"loc":{"start":{"line":284,"column":2},"end":{"line":286,"column":3}},"type":"if","locations":[{"start":{"line":284,"column":2},"end":{"line":286,"column":3}}]},"14":{"loc":{"start":{"line":284,"column":6},"end":{"line":284,"column":59}},"type":"binary-expr","locations":[{"start":{"line":284,"column":6},"end":{"line":284,"column":12}},{"start":{"line":284,"column":17},"end":{"line":284,"column":37}},{"start":{"line":284,"column":41},"end":{"line":284,"column":58}}]},"15":{"loc":{"start":{"line":320,"column":2},"end":{"line":322,"column":3}},"type":"if","locations":[{"start":{"line":320,"column":2},"end":{"line":322,"column":3}}]},"16":{"loc":{"start":{"line":347,"column":2},"end":{"line":349,"column":3}},"type":"if","locations":[{"start":{"line":347,"column":2},"end":{"line":349,"column":3}}]}},"s":{"0":1,"1":1,"2":1,"3":1,"4":1,"5":1,"6":1,"7":1,"8":1,"9":1,"10":2,"11":2,"12":2,"13":2,"14":2,"15":1,"16":1,"17":1,"18":1,"19":1,"20":1,"21":1,"22":1,"23":1,"24":1,"25":1,"26":1,"27":1,"28":1,"29":1,"30":1,"31":1,"32":1,"33":1,"34":1,"35":1,"36":1,"37":1,"38":1,"39":1,"40":1,"41":1,"42":1,"43":1,"44":1,"45":1,"46":1,"47":2,"48":2,"49":2,"50":2,"51":2,"52":1,"53":1,"54":1,"55":1,"56":1,"57":1,"58":1,"59":1,"60":1,"61":1,"62":1,"63":2,"64":2,"65":2,"66":2,"67":2,"68":2,"69":1,"70":1,"71":1,"72":1,"73":1,"74":2,"75":2,"76":2,"77":2,"78":1,"79":1,"80":1,"81":1,"82":1,"83":2,"84":2,"85":2,"86":2,"87":2,"88":1,"89":1,"90":1,"91":1,"92":1,"93":1,"94":1,"95":1,"96":1,"97":1,"98":1,"99":1,"100":3,"101":3,"102":3,"103":3,"104":1,"105":1,"106":2,"107":2,"108":1,"109":1,"110":1,"111":1,"112":1,"113":1,"114":1,"115":1,"116":1,"117":1,"118":1,"119":2,"120":2,"121":2,"122":2,"123":2,"124":2,"125":1,"126":1,"127":1,"128":1,"129":1,"130":1,"131":1,"132":1,"133":1,"134":1,"135":1,"136":2,"137":2,"138":2,"139":2,"140":2,"141":1,"142":1,"143":1,"144":1,"145":1,"146":1,"147":1,"148":1,"149":2,"150":2,"151":2,"152":2,"153":2,"154":1,"155":1,"156":1,"157":1},"f":{"0":2,"1":2,"2":1,"3":1,"4":1,"5":1,"6":1,"7":1,"8":1,"9":1,"10":2,"11":2,"12":2,"13":1,"14":1,"15":2,"16":2,"17":2,"18":2,"19":2,"20":2,"21":1,"22":1,"23":3,"24":3,"25":1,"26":2,"27":2,"28":1,"29":1,"30":2,"31":2,"32":1,"33":2,"34":2},"b":{"0":[1],"1":[1,0],"2":[1,0],"3":[1,0],"4":[1,0],"5":[1],"6":[1],"7":[1],"8":[1],"9":[1],"10":[1],"11":[2,2],"12":[2,2],"13":[1],"14":[2,2,1],"15":[1],"16":[1]}}
,"C:\\Users\\echk1\\Desktop\\finalProject\\back\\src\\dtos\\diaryDTO.ts": {"path":"C:\\Users\\echk1\\Desktop\\finalProject\\back\\src\\dtos\\diaryDTO.ts","statementMap":{"0":{"start":{"line":2,"column":0},"end":{"line":2,"column":null}},"1":{"start":{"line":10,"column":0},"end":{"line":10,"column":58}},"2":{"start":{"line":12,"column":0},"end":{"line":12,"column":26}},"3":{"start":{"line":21,"column":4},"end":{"line":21,"column":21}},"4":{"start":{"line":22,"column":4},"end":{"line":22,"column":27}},"5":{"start":{"line":23,"column":4},"end":{"line":23,"column":25}},"6":{"start":{"line":15,"column":0},"end":{"line":15,"column":13}},"7":{"start":{"line":31,"column":4},"end":{"line":31,"column":33}},"8":{"start":{"line":32,"column":4},"end":{"line":32,"column":29}},"9":{"start":{"line":27,"column":0},"end":{"line":27,"column":13}},"10":{"start":{"line":35,"column":0},"end":{"line":35,"column":13}},"11":{"start":{"line":37,"column":2},"end":{"line":37,"column":null}},"12":{"start":{"line":40,"column":2},"end":{"line":40,"column":null}},"13":{"start":{"line":43,"column":2},"end":{"line":43,"column":null}},"14":{"start":{"line":46,"column":2},"end":{"line":46,"column":null}},"15":{"start":{"line":50,"column":0},"end":{"line":50,"column":13}},"16":{"start":{"line":52,"column":2},"end":{"line":52,"column":null}},"17":{"start":{"line":55,"column":2},"end":{"line":55,"column":null}},"18":{"start":{"line":58,"column":2},"end":{"line":58,"column":null}},"19":{"start":{"line":61,"column":2},"end":{"line":61,"column":null}},"20":{"start":{"line":64,"column":2},"end":{"line":64,"column":null}},"21":{"start":{"line":67,"column":2},"end":{"line":67,"column":null}},"22":{"start":{"line":70,"column":2},"end":{"line":70,"column":null}},"23":{"start":{"line":73,"column":2},"end":{"line":73,"column":null}},"24":{"start":{"line":76,"column":2},"end":{"line":76,"column":null}},"25":{"start":{"line":79,"column":2},"end":{"line":79,"column":null}},"26":{"start":{"line":83,"column":2},"end":{"line":83,"column":null}},"27":{"start":{"line":82,"column":14},"end":{"line":82,"column":30}},"28":{"start":{"line":86,"column":2},"end":{"line":86,"column":null}},"29":{"start":{"line":89,"column":0},"end":{"line":89,"column":13}},"30":{"start":{"line":93,"column":2},"end":{"line":93,"column":null}},"31":{"start":{"line":90,"column":14},"end":{"line":90,"column":18}},"32":{"start":{"line":97,"column":2},"end":{"line":97,"column":null}},"33":{"start":{"line":100,"column":2},"end":{"line":100,"column":null}},"34":{"start":{"line":103,"column":2},"end":{"line":103,"column":null}},"35":{"start":{"line":107,"column":2},"end":{"line":107,"column":null}}},"fnMap":{"0":{"name":"(anonymous_2)","decl":{"start":{"line":20,"column":2},"end":{"line":20,"column":14}},"loc":{"start":{"line":20,"column":56},"end":{"line":24,"column":3}}},"1":{"name":"(anonymous_3)","decl":{"start":{"line":30,"column":2},"end":{"line":30,"column":14}},"loc":{"start":{"line":30,"column":71},"end":{"line":33,"column":3}}},"2":{"name":"(anonymous_4)","decl":{"start":{"line":82,"column":8},"end":{"line":82,"column":11}},"loc":{"start":{"line":82,"column":14},"end":{"line":82,"column":30}}},"3":{"name":"(anonymous_5)","decl":{"start":{"line":90,"column":8},"end":{"line":90,"column":11}},"loc":{"start":{"line":90,"column":14},"end":{"line":90,"column":18}}}},"branchMap":{},"s":{"0":2,"1":2,"2":2,"3":14,"4":14,"5":14,"6":2,"7":4,"8":4,"9":2,"10":2,"11":2,"12":2,"13":2,"14":2,"15":2,"16":2,"17":2,"18":2,"19":2,"20":2,"21":2,"22":2,"23":2,"24":2,"25":2,"26":2,"27":0,"28":2,"29":2,"30":2,"31":0,"32":2,"33":2,"34":2,"35":2},"f":{"0":14,"1":4,"2":0,"3":0},"b":{}}
,"C:\\Users\\echk1\\Desktop\\finalProject\\back\\src\\dtos\\userDTO.ts": {"path":"C:\\Users\\echk1\\Desktop\\finalProject\\back\\src\\dtos\\userDTO.ts","statementMap":{"0":{"start":{"line":1,"column":0},"end":{"line":1,"column":55}},"1":{"start":{"line":2,"column":0},"end":{"line":2,"column":52}},"2":{"start":{"line":3,"column":0},"end":{"line":3,"column":26}},"3":{"start":{"line":12,"column":4},"end":{"line":12,"column":21}},"4":{"start":{"line":13,"column":4},"end":{"line":13,"column":27}},"5":{"start":{"line":14,"column":4},"end":{"line":14,"column":25}},"6":{"start":{"line":6,"column":0},"end":{"line":6,"column":13}},"7":{"start":{"line":18,"column":0},"end":{"line":18,"column":13}},"8":{"start":{"line":20,"column":2},"end":{"line":20,"column":null}},"9":{"start":{"line":23,"column":2},"end":{"line":23,"column":null}},"10":{"start":{"line":26,"column":2},"end":{"line":26,"column":null}},"11":{"start":{"line":29,"column":2},"end":{"line":29,"column":null}},"12":{"start":{"line":32,"column":2},"end":{"line":32,"column":null}},"13":{"start":{"line":35,"column":2},"end":{"line":35,"column":null}},"14":{"start":{"line":38,"column":2},"end":{"line":38,"column":null}},"15":{"start":{"line":41,"column":2},"end":{"line":41,"column":null}},"16":{"start":{"line":44,"column":2},"end":{"line":44,"column":null}},"17":{"start":{"line":47,"column":2},"end":{"line":47,"column":null}},"18":{"start":{"line":50,"column":2},"end":{"line":50,"column":null}},"19":{"start":{"line":53,"column":0},"end":{"line":53,"column":13}},"20":{"start":{"line":55,"column":2},"end":{"line":55,"column":null}},"21":{"start":{"line":58,"column":2},"end":{"line":58,"column":null}},"22":{"start":{"line":61,"column":2},"end":{"line":61,"column":null}},"23":{"start":{"line":64,"column":0},"end":{"line":64,"column":13}},"24":{"start":{"line":67,"column":2},"end":{"line":67,"column":null}},"25":{"start":{"line":71,"column":2},"end":{"line":71,"column":null}},"26":{"start":{"line":75,"column":2},"end":{"line":75,"column":null}},"27":{"start":{"line":79,"column":2},"end":{"line":79,"column":null}},"28":{"start":{"line":83,"column":2},"end":{"line":83,"column":null}}},"fnMap":{"0":{"name":"(anonymous_2)","decl":{"start":{"line":11,"column":2},"end":{"line":11,"column":14}},"loc":{"start":{"line":11,"column":54},"end":{"line":15,"column":3}}}},"branchMap":{},"s":{"0":2,"1":2,"2":2,"3":0,"4":0,"5":0,"6":2,"7":2,"8":2,"9":2,"10":2,"11":2,"12":2,"13":2,"14":2,"15":2,"16":2,"17":2,"18":2,"19":2,"20":2,"21":2,"22":2,"23":2,"24":2,"25":2,"26":2,"27":2,"28":2},"f":{"0":0},"b":{}}
,"C:\\Users\\echk1\\Desktop\\finalProject\\back\\src\\middlewares\\authenticateJwt.ts": {"path":"C:\\Users\\echk1\\Desktop\\finalProject\\back\\src\\middlewares\\authenticateJwt.ts","statementMap":{"0":{"start":{"line":2,"column":0},"end":{"line":2,"column":32}},"1":{"start":{"line":5,"column":0},"end":{"line":5,"column":57}},"2":{"start":{"line":6,"column":0},"end":{"line":6,"column":47}},"3":{"start":{"line":8,"column":33},"end":{"line":49,"column":2}},"4":{"start":{"line":12,"column":4},"end":{"line":49,"column":2}},"5":{"start":{"line":13,"column":2},"end":{"line":48,"column":3}},"6":{"start":{"line":14,"column":4},"end":{"line":44,"column":22}},"7":{"start":{"line":17,"column":53},"end":{"line":43,"column":null}},"8":{"start":{"line":18,"column":8},"end":{"line":21,"column":9}},"9":{"start":{"line":20,"column":10},"end":{"line":20,"column":22}},"10":{"start":{"line":22,"column":8},"end":{"line":40,"column":9}},"11":{"start":{"line":25,"column":31},"end":{"line":26,"column":null}},"12":{"start":{"line":28,"column":10},"end":{"line":39,"column":11}},"13":{"start":{"line":29,"column":42},"end":{"line":31,"column":null}},"14":{"start":{"line":34,"column":12},"end":{"line":38,"column":13}},"15":{"start":{"line":35,"column":14},"end":{"line":35,"column":73}},"16":{"start":{"line":37,"column":14},"end":{"line":37,"column":76}},"17":{"start":{"line":41,"column":8},"end":{"line":41,"column":24}},"18":{"start":{"line":42,"column":8},"end":{"line":42,"column":15}},"19":{"start":{"line":47,"column":4},"end":{"line":47,"column":16}},"20":{"start":{"line":8,"column":13},"end":{"line":8,"column":33}}},"fnMap":{"0":{"name":"(anonymous_8)","decl":{"start":{"line":8,"column":33},"end":{"line":8,"column":null}},"loc":{"start":{"line":12,"column":4},"end":{"line":49,"column":2}}},"1":{"name":"(anonymous_9)","decl":{"start":{"line":12,"column":4},"end":{"line":12,"column":null}},"loc":{"start":{"line":12,"column":4},"end":{"line":49,"column":1}}},"2":{"name":"(anonymous_10)","decl":{"start":{"line":17,"column":6},"end":{"line":17,"column":13}},"loc":{"start":{"line":17,"column":53},"end":{"line":43,"column":null}}},"3":{"name":"(anonymous_11)","decl":{"start":{"line":17,"column":53},"end":{"line":17,"column":null}},"loc":{"start":{"line":17,"column":53},"end":{"line":43,"column":7}}}},"branchMap":{"0":{"loc":{"start":{"line":18,"column":8},"end":{"line":21,"column":9}},"type":"if","locations":[{"start":{"line":18,"column":8},"end":{"line":21,"column":9}}]},"1":{"loc":{"start":{"line":22,"column":8},"end":{"line":40,"column":9}},"type":"if","locations":[{"start":{"line":22,"column":8},"end":{"line":40,"column":9}}]},"2":{"loc":{"start":{"line":28,"column":10},"end":{"line":39,"column":11}},"type":"if","locations":[{"start":{"line":28,"column":10},"end":{"line":39,"column":11}}]},"3":{"loc":{"start":{"line":34,"column":12},"end":{"line":38,"column":13}},"type":"if","locations":[{"start":{"line":34,"column":12},"end":{"line":38,"column":13}},{"start":{"line":36,"column":19},"end":{"line":38,"column":13}}]}},"s":{"0":1,"1":1,"2":1,"3":1,"4":4,"5":4,"6":4,"7":4,"8":4,"9":1,"10":4,"11":2,"12":2,"13":2,"14":2,"15":1,"16":1,"17":2,"18":2,"19":4,"20":1},"f":{"0":4,"1":4,"2":4,"3":4},"b":{"0":[1],"1":[2],"2":[2],"3":[1,1]}}
,"C:\\Users\\echk1\\Desktop\\finalProject\\back\\src\\middlewares\\authenticateLocal.ts": {"path":"C:\\Users\\echk1\\Desktop\\finalProject\\back\\src\\middlewares\\authenticateLocal.ts","statementMap":{"0":{"start":{"line":1,"column":0},"end":{"line":1,"column":32}},"1":{"start":{"line":4,"column":0},"end":{"line":4,"column":80}},"2":{"start":{"line":6,"column":0},"end":{"line":6,"column":50}},"3":{"start":{"line":7,"column":0},"end":{"line":7,"column":39}},"4":{"start":{"line":9,"column":35},"end":{"line":48,"column":1}},"5":{"start":{"line":14,"column":2},"end":{"line":47,"column":3}},"6":{"start":{"line":15,"column":4},"end":{"line":44,"column":22}},"7":{"start":{"line":18,"column":53},"end":{"line":43,"column":null}},"8":{"start":{"line":19,"column":8},"end":{"line":21,"column":9}},"9":{"start":{"line":20,"column":10},"end":{"line":20,"column":22}},"10":{"start":{"line":22,"column":8},"end":{"line":24,"column":9}},"11":{"start":{"line":23,"column":10},"end":{"line":23,"column":21}},"12":{"start":{"line":25,"column":8},"end":{"line":42,"column":9}},"13":{"start":{"line":26,"column":39},"end":{"line":26,"column":67}},"14":{"start":{"line":28,"column":31},"end":{"line":28,"column":66}},"15":{"start":{"line":30,"column":10},"end":{"line":30,"column":26}},"16":{"start":{"line":32,"column":10},"end":{"line":32,"column":58}},"17":{"start":{"line":35,"column":10},"end":{"line":40,"column":12}},"18":{"start":{"line":41,"column":10},"end":{"line":41,"column":24}},"19":{"start":{"line":46,"column":4},"end":{"line":46,"column":16}},"20":{"start":{"line":9,"column":13},"end":{"line":9,"column":35}},"21":{"start":{"line":50,"column":42},"end":{"line":85,"column":1}},"22":{"start":{"line":55,"column":2},"end":{"line":84,"column":3}},"23":{"start":{"line":56,"column":4},"end":{"line":81,"column":22}},"24":{"start":{"line":59,"column":53},"end":{"line":80,"column":null}},"25":{"start":{"line":60,"column":8},"end":{"line":62,"column":9}},"26":{"start":{"line":61,"column":10},"end":{"line":61,"column":22}},"27":{"start":{"line":63,"column":8},"end":{"line":65,"column":9}},"28":{"start":{"line":64,"column":10},"end":{"line":64,"column":21}},"29":{"start":{"line":66,"column":8},"end":{"line":79,"column":9}},"30":{"start":{"line":67,"column":30},"end":{"line":70,"column":12}},"31":{"start":{"line":71,"column":29},"end":{"line":71,"column":47}},"32":{"start":{"line":72,"column":10},"end":{"line":72,"column":70}},"33":{"start":{"line":74,"column":10},"end":{"line":74,"column":26}},"34":{"start":{"line":75,"column":10},"end":{"line":75,"column":40}},"35":{"start":{"line":76,"column":10},"end":{"line":76,"column":39}},"36":{"start":{"line":77,"column":10},"end":{"line":77,"column":49}},"37":{"start":{"line":78,"column":10},"end":{"line":78,"column":24}},"38":{"start":{"line":83,"column":4},"end":{"line":83,"column":16}},"39":{"start":{"line":50,"column":13},"end":{"line":50,"column":42}}},"fnMap":{"0":{"name":"(anonymous_8)","decl":{"start":{"line":9,"column":35},"end":{"line":9,"column":null}},"loc":{"start":{"line":13,"column":4},"end":{"line":48,"column":1}}},"1":{"name":"(anonymous_9)","decl":{"start":{"line":18,"column":6},"end":{"line":18,"column":13}},"loc":{"start":{"line":18,"column":53},"end":{"line":43,"column":null}}},"2":{"name":"(anonymous_10)","decl":{"start":{"line":18,"column":53},"end":{"line":18,"column":null}},"loc":{"start":{"line":18,"column":53},"end":{"line":43,"column":7}}},"3":{"name":"(anonymous_11)","decl":{"start":{"line":50,"column":42},"end":{"line":50,"column":null}},"loc":{"start":{"line":54,"column":4},"end":{"line":85,"column":1}}},"4":{"name":"(anonymous_12)","decl":{"start":{"line":59,"column":6},"end":{"line":59,"column":13}},"loc":{"start":{"line":59,"column":53},"end":{"line":80,"column":null}}},"5":{"name":"(anonymous_13)","decl":{"start":{"line":59,"column":53},"end":{"line":59,"column":null}},"loc":{"start":{"line":59,"column":53},"end":{"line":80,"column":7}}}},"branchMap":{"0":{"loc":{"start":{"line":19,"column":8},"end":{"line":21,"column":9}},"type":"if","locations":[{"start":{"line":19,"column":8},"end":{"line":21,"column":9}}]},"1":{"loc":{"start":{"line":22,"column":8},"end":{"line":24,"column":9}},"type":"if","locations":[{"start":{"line":22,"column":8},"end":{"line":24,"column":9}}]},"2":{"loc":{"start":{"line":25,"column":8},"end":{"line":42,"column":9}},"type":"if","locations":[{"start":{"line":25,"column":8},"end":{"line":42,"column":9}}]},"3":{"loc":{"start":{"line":60,"column":8},"end":{"line":62,"column":9}},"type":"if","locations":[{"start":{"line":60,"column":8},"end":{"line":62,"column":9}}]},"4":{"loc":{"start":{"line":63,"column":8},"end":{"line":65,"column":9}},"type":"if","locations":[{"start":{"line":63,"column":8},"end":{"line":65,"column":9}}]},"5":{"loc":{"start":{"line":66,"column":8},"end":{"line":79,"column":9}},"type":"if","locations":[{"start":{"line":66,"column":8},"end":{"line":79,"column":9}}]}},"s":{"0":1,"1":1,"2":1,"3":1,"4":1,"5":4,"6":4,"7":4,"8":4,"9":1,"10":4,"11":2,"12":4,"13":1,"14":1,"15":1,"16":1,"17":1,"18":1,"19":4,"20":1,"21":1,"22":4,"23":4,"24":4,"25":4,"26":1,"27":4,"28":2,"29":4,"30":1,"31":1,"32":1,"33":1,"34":1,"35":1,"36":1,"37":1,"38":4,"39":1},"f":{"0":4,"1":4,"2":4,"3":4,"4":4,"5":4},"b":{"0":[1],"1":[2],"2":[1],"3":[1],"4":[2],"5":[1]}}
,"C:\\Users\\echk1\\Desktop\\finalProject\\back\\src\\services\\userService.ts": {"path":"C:\\Users\\echk1\\Desktop\\finalProject\\back\\src\\services\\userService.ts","statementMap":{"0":{"start":{"line":1,"column":0},"end":{"line":1,"column":59}},"1":{"start":{"line":2,"column":0},"end":{"line":2,"column":28}},"2":{"start":{"line":3,"column":0},"end":{"line":3,"column":49}},"3":{"start":{"line":4,"column":0},"end":{"line":4,"column":50}},"4":{"start":{"line":5,"column":0},"end":{"line":5,"column":63}},"5":{"start":{"line":6,"column":0},"end":{"line":6,"column":57}},"6":{"start":{"line":7,"column":0},"end":{"line":7,"column":55}},"7":{"start":{"line":8,"column":0},"end":{"line":8,"column":59}},"8":{"start":{"line":10,"column":0},"end":{"line":10,"column":46}},"9":{"start":{"line":11,"column":0},"end":{"line":11,"column":52}},"10":{"start":{"line":13,"column":26},"end":{"line":38,"column":2}},"11":{"start":{"line":13,"column":53},"end":{"line":38,"column":2}},"12":{"start":{"line":14,"column":40},"end":{"line":14,"column":49}},"13":{"start":{"line":17,"column":25},"end":{"line":17,"column":56}},"14":{"start":{"line":18,"column":19},"end":{"line":21,"column":4}},"15":{"start":{"line":23,"column":2},"end":{"line":23,"column":59}},"16":{"start":{"line":25,"column":22},"end":{"line":27,"column":4}},"17":{"start":{"line":29,"column":23},"end":{"line":29,"column":56}},"18":{"start":{"line":30,"column":23},"end":{"line":30,"column":38}},"19":{"start":{"line":32,"column":26},"end":{"line":34,"column":4}},"20":{"start":{"line":36,"column":19},"end":{"line":36,"column":57}},"21":{"start":{"line":37,"column":2},"end":{"line":37,"column":18}},"22":{"start":{"line":13,"column":13},"end":{"line":13,"column":26}},"23":{"start":{"line":40,"column":22},"end":{"line":55,"column":2}},"24":{"start":{"line":40,"column":47},"end":{"line":55,"column":2}},"25":{"start":{"line":41,"column":19},"end":{"line":44,"column":6}},"26":{"start":{"line":47,"column":18},"end":{"line":47,"column":49}},"27":{"start":{"line":49,"column":26},"end":{"line":51,"column":4}},"28":{"start":{"line":53,"column":19},"end":{"line":53,"column":57}},"29":{"start":{"line":54,"column":2},"end":{"line":54,"column":18}},"30":{"start":{"line":40,"column":13},"end":{"line":40,"column":22}},"31":{"start":{"line":57,"column":27},"end":{"line":103,"column":2}},"32":{"start":{"line":57,"column":65},"end":{"line":103,"column":2}},"33":{"start":{"line":58,"column":20},"end":{"line":65,"column":2}},"34":{"start":{"line":67,"column":19},"end":{"line":67,"column":41}},"35":{"start":{"line":69,"column":2},"end":{"line":81,"column":3}},"36":{"start":{"line":70,"column":23},"end":{"line":75,"column":4}},"37":{"start":{"line":77,"column":23},"end":{"line":77,"column":46}},"38":{"start":{"line":78,"column":4},"end":{"line":80,"column":5}},"39":{"start":{"line":79,"column":6},"end":{"line":79,"column":45}},"40":{"start":{"line":83,"column":21},"end":{"line":83,"column":61}},"41":{"start":{"line":85,"column":26},"end":{"line":85,"column":49}},"42":{"start":{"line":86,"column":20},"end":{"line":86,"column":48}},"43":{"start":{"line":87,"column":20},"end":{"line":87,"column":48}},"44":{"start":{"line":89,"column":19},"end":{"line":89,"column":69}},"45":{"start":{"line":91,"column":31},"end":{"line":92,"column":null}},"46":{"start":{"line":92,"column":4},"end":{"line":92,"column":74}},"47":{"start":{"line":95,"column":19},"end":{"line":99,"column":null}},"48":{"start":{"line":102,"column":2},"end":{"line":102,"column":18}},"49":{"start":{"line":57,"column":13},"end":{"line":57,"column":27}},"50":{"start":{"line":105,"column":28},"end":{"line":172,"column":2}},"51":{"start":{"line":109,"column":4},"end":{"line":172,"column":2}},"52":{"start":{"line":110,"column":20},"end":{"line":110,"column":51}},"53":{"start":{"line":111,"column":23},"end":{"line":115,"column":4}},"54":{"start":{"line":112,"column":4},"end":{"line":114,"column":26}},"55":{"start":{"line":116,"column":22},"end":{"line":126,"column":2}},"56":{"start":{"line":121,"column":50},"end":{"line":121,"column":53}},"57":{"start":{"line":128,"column":21},"end":{"line":132,"column":4}},"58":{"start":{"line":134,"column":2},"end":{"line":147,"column":3}},"59":{"start":{"line":135,"column":23},"end":{"line":140,"column":4}},"60":{"start":{"line":142,"column":23},"end":{"line":142,"column":59}},"61":{"start":{"line":144,"column":4},"end":{"line":146,"column":5}},"62":{"start":{"line":145,"column":6},"end":{"line":145,"column":47}},"63":{"start":{"line":149,"column":21},"end":{"line":151,"column":18}},"64":{"start":{"line":150,"column":15},"end":{"line":150,"column":18}},"65":{"start":{"line":153,"column":26},"end":{"line":153,"column":68}},"66":{"start":{"line":155,"column":20},"end":{"line":155,"column":48}},"67":{"start":{"line":156,"column":20},"end":{"line":156,"column":48}},"68":{"start":{"line":158,"column":19},"end":{"line":158,"column":69}},"69":{"start":{"line":160,"column":31},"end":{"line":161,"column":null}},"70":{"start":{"line":161,"column":4},"end":{"line":161,"column":74}},"71":{"start":{"line":164,"column":19},"end":{"line":168,"column":null}},"72":{"start":{"line":171,"column":2},"end":{"line":171,"column":18}},"73":{"start":{"line":105,"column":13},"end":{"line":105,"column":28}},"74":{"start":{"line":174,"column":22},"end":{"line":178,"column":2}},"75":{"start":{"line":174,"column":50},"end":{"line":178,"column":2}},"76":{"start":{"line":175,"column":21},"end":{"line":175,"column":43}},"77":{"start":{"line":177,"column":2},"end":{"line":177,"column":33}},"78":{"start":{"line":174,"column":13},"end":{"line":174,"column":22}},"79":{"start":{"line":180,"column":27},"end":{"line":195,"column":2}},"80":{"start":{"line":180,"column":52},"end":{"line":195,"column":2}},"81":{"start":{"line":181,"column":19},"end":{"line":185,"column":4}},"82":{"start":{"line":187,"column":19},"end":{"line":187,"column":50}},"83":{"start":{"line":189,"column":26},"end":{"line":191,"column":4}},"84":{"start":{"line":192,"column":19},"end":{"line":192,"column":57}},"85":{"start":{"line":194,"column":2},"end":{"line":194,"column":18}},"86":{"start":{"line":180,"column":13},"end":{"line":180,"column":27}},"87":{"start":{"line":197,"column":33},"end":{"line":234,"column":2}},"88":{"start":{"line":197,"column":74},"end":{"line":234,"column":2}},"89":{"start":{"line":198,"column":2},"end":{"line":200,"column":3}},"90":{"start":{"line":199,"column":4},"end":{"line":199,"column":30}},"91":{"start":{"line":202,"column":22},"end":{"line":202,"column":24}},"92":{"start":{"line":204,"column":25},"end":{"line":206,"column":49}},"93":{"start":{"line":205,"column":30},"end":{"line":205,"column":49}},"94":{"start":{"line":206,"column":27},"end":{"line":206,"column":48}},"95":{"start":{"line":208,"column":2},"end":{"line":212,"column":3}},"96":{"start":{"line":209,"column":4},"end":{"line":209,"column":46}},"97":{"start":{"line":211,"column":4},"end":{"line":211,"column":30}},"98":{"start":{"line":214,"column":19},"end":{"line":218,"column":4}},"99":{"start":{"line":219,"column":2},"end":{"line":219,"column":34}},"100":{"start":{"line":221,"column":22},"end":{"line":223,"column":4}},"101":{"start":{"line":225,"column":23},"end":{"line":225,"column":57}},"102":{"start":{"line":227,"column":22},"end":{"line":227,"column":37}},"103":{"start":{"line":229,"column":26},"end":{"line":231,"column":4}},"104":{"start":{"line":232,"column":19},"end":{"line":232,"column":57}},"105":{"start":{"line":233,"column":2},"end":{"line":233,"column":18}},"106":{"start":{"line":197,"column":13},"end":{"line":197,"column":33}},"107":{"start":{"line":236,"column":33},"end":{"line":260,"column":2}},"108":{"start":{"line":236,"column":58},"end":{"line":260,"column":2}},"109":{"start":{"line":237,"column":2},"end":{"line":243,"column":4}},"110":{"start":{"line":245,"column":2},"end":{"line":251,"column":4}},"111":{"start":{"line":253,"column":2},"end":{"line":259,"column":4}},"112":{"start":{"line":236,"column":13},"end":{"line":236,"column":33}},"113":{"start":{"line":262,"column":34},"end":{"line":288,"column":2}},"114":{"start":{"line":262,"column":58},"end":{"line":288,"column":2}},"115":{"start":{"line":263,"column":20},"end":{"line":263,"column":56}},"116":{"start":{"line":264,"column":15},"end":{"line":264,"column":46}},"117":{"start":{"line":266,"column":2},"end":{"line":269,"column":3}},"118":{"start":{"line":267,"column":21},"end":{"line":267,"column":42}},"119":{"start":{"line":268,"column":4},"end":{"line":268,"column":20}},"120":{"start":{"line":272,"column":23},"end":{"line":272,"column":47}},"121":{"start":{"line":273,"column":21},"end":{"line":273,"column":23}},"122":{"start":{"line":276,"column":25},"end":{"line":276,"column":68}},"123":{"start":{"line":278,"column":30},"end":{"line":278,"column":76}},"124":{"start":{"line":279,"column":2},"end":{"line":279,"column":60}},"125":{"start":{"line":282,"column":2},"end":{"line":287,"column":4}},"126":{"start":{"line":262,"column":13},"end":{"line":262,"column":34}},"127":{"start":{"line":290,"column":33},"end":{"line":298,"column":2}},"128":{"start":{"line":290,"column":75},"end":{"line":298,"column":2}},"129":{"start":{"line":291,"column":21},"end":{"line":291,"column":23}},"130":{"start":{"line":294,"column":25},"end":{"line":294,"column":64}},"131":{"start":{"line":296,"column":30},"end":{"line":296,"column":76}},"132":{"start":{"line":297,"column":2},"end":{"line":297,"column":60}},"133":{"start":{"line":290,"column":13},"end":{"line":290,"column":33}},"134":{"start":{"line":300,"column":24},"end":{"line":350,"column":2}},"135":{"start":{"line":305,"column":4},"end":{"line":350,"column":2}},"136":{"start":{"line":306,"column":23},"end":{"line":306,"column":25}},"137":{"start":{"line":307,"column":20},"end":{"line":307,"column":22}},"138":{"start":{"line":309,"column":2},"end":{"line":315,"column":3}},"139":{"start":{"line":310,"column":4},"end":{"line":310,"column":39}},"140":{"start":{"line":311,"column":4},"end":{"line":311,"column":33}},"141":{"start":{"line":312,"column":9},"end":{"line":315,"column":3}},"142":{"start":{"line":313,"column":4},"end":{"line":313,"column":36}},"143":{"start":{"line":314,"column":4},"end":{"line":314,"column":33}},"144":{"start":{"line":317,"column":17},"end":{"line":317,"column":35}},"145":{"start":{"line":319,"column":19},"end":{"line":323,"column":4}},"146":{"start":{"line":325,"column":21},"end":{"line":328,"column":4}},"147":{"start":{"line":330,"column":17},"end":{"line":330,"column":66}},"148":{"start":{"line":331,"column":22},"end":{"line":331,"column":53}},"149":{"start":{"line":333,"column":20},"end":{"line":333,"column":51}},"150":{"start":{"line":334,"column":20},"end":{"line":334,"column":48}},"151":{"start":{"line":336,"column":19},"end":{"line":336,"column":69}},"152":{"start":{"line":338,"column":31},"end":{"line":339,"column":null}},"153":{"start":{"line":339,"column":4},"end":{"line":339,"column":74}},"154":{"start":{"line":342,"column":19},"end":{"line":346,"column":null}},"155":{"start":{"line":349,"column":2},"end":{"line":349,"column":18}},"156":{"start":{"line":300,"column":13},"end":{"line":300,"column":24}},"157":{"start":{"line":352,"column":27},"end":{"line":378,"column":2}},"158":{"start":{"line":352,"column":51},"end":{"line":378,"column":2}},"159":{"start":{"line":353,"column":17},"end":{"line":353,"column":29}},"160":{"start":{"line":355,"column":19},"end":{"line":358,"column":4}},"161":{"start":{"line":360,"column":2},"end":{"line":360,"column":63}},"162":{"start":{"line":363,"column":2},"end":{"line":367,"column":3}},"163":{"start":{"line":364,"column":4},"end":{"line":364,"column":38}},"164":{"start":{"line":366,"column":4},"end":{"line":366,"column":56}},"165":{"start":{"line":368,"column":20},"end":{"line":368,"column":70}},"166":{"start":{"line":370,"column":2},"end":{"line":377,"column":4}},"167":{"start":{"line":352,"column":13},"end":{"line":352,"column":27}},"168":{"start":{"line":380,"column":27},"end":{"line":390,"column":2}},"169":{"start":{"line":380,"column":52},"end":{"line":390,"column":2}},"170":{"start":{"line":381,"column":22},"end":{"line":387,"column":6}},"171":{"start":{"line":389,"column":2},"end":{"line":389,"column":37}},"172":{"start":{"line":380,"column":13},"end":{"line":380,"column":27}},"173":{"start":{"line":392,"column":28},"end":{"line":414,"column":2}},"174":{"start":{"line":396,"column":4},"end":{"line":414,"column":2}},"175":{"start":{"line":398,"column":25},"end":{"line":398,"column":56}},"176":{"start":{"line":400,"column":26},"end":{"line":400,"column":83}},"177":{"start":{"line":402,"column":2},"end":{"line":402,"column":67}},"178":{"start":{"line":404,"column":27},"end":{"line":404,"column":60}},"179":{"start":{"line":406,"column":22},"end":{"line":406,"column":61}},"180":{"start":{"line":408,"column":26},"end":{"line":410,"column":4}},"181":{"start":{"line":412,"column":19},"end":{"line":412,"column":57}},"182":{"start":{"line":413,"column":2},"end":{"line":413,"column":18}},"183":{"start":{"line":392,"column":13},"end":{"line":392,"column":28}}},"fnMap":{"0":{"name":"(anonymous_8)","decl":{"start":{"line":13,"column":26},"end":{"line":13,"column":33}},"loc":{"start":{"line":13,"column":53},"end":{"line":38,"column":2}}},"1":{"name":"(anonymous_9)","decl":{"start":{"line":13,"column":53},"end":{"line":13,"column":null}},"loc":{"start":{"line":13,"column":53},"end":{"line":38,"column":1}}},"2":{"name":"(anonymous_10)","decl":{"start":{"line":40,"column":22},"end":{"line":40,"column":29}},"loc":{"start":{"line":40,"column":47},"end":{"line":55,"column":2}}},"3":{"name":"(anonymous_11)","decl":{"start":{"line":40,"column":47},"end":{"line":40,"column":null}},"loc":{"start":{"line":40,"column":47},"end":{"line":55,"column":1}}},"4":{"name":"(anonymous_12)","decl":{"start":{"line":57,"column":27},"end":{"line":57,"column":34}},"loc":{"start":{"line":57,"column":65},"end":{"line":103,"column":2}}},"5":{"name":"(anonymous_13)","decl":{"start":{"line":57,"column":65},"end":{"line":57,"column":null}},"loc":{"start":{"line":57,"column":65},"end":{"line":103,"column":1}}},"6":{"name":"(anonymous_14)","decl":{"start":{"line":91,"column":44},"end":{"line":91,"column":45}},"loc":{"start":{"line":92,"column":4},"end":{"line":92,"column":74}}},"7":{"name":"(anonymous_15)","decl":{"start":{"line":105,"column":28},"end":{"line":105,"column":null}},"loc":{"start":{"line":109,"column":4},"end":{"line":172,"column":2}}},"8":{"name":"(anonymous_16)","decl":{"start":{"line":109,"column":4},"end":{"line":109,"column":null}},"loc":{"start":{"line":109,"column":4},"end":{"line":172,"column":1}}},"9":{"name":"(anonymous_17)","decl":{"start":{"line":111,"column":37},"end":{"line":111,"column":38}},"loc":{"start":{"line":111,"column":53},"end":{"line":115,"column":3}}},"10":{"name":"(anonymous_18)","decl":{"start":{"line":121,"column":44},"end":{"line":121,"column":47}},"loc":{"start":{"line":121,"column":50},"end":{"line":121,"column":53}}},"11":{"name":"(anonymous_19)","decl":{"start":{"line":150,"column":9},"end":{"line":150,"column":12}},"loc":{"start":{"line":150,"column":15},"end":{"line":150,"column":18}}},"12":{"name":"(anonymous_20)","decl":{"start":{"line":160,"column":46},"end":{"line":160,"column":47}},"loc":{"start":{"line":161,"column":4},"end":{"line":161,"column":74}}},"13":{"name":"(anonymous_21)","decl":{"start":{"line":174,"column":22},"end":{"line":174,"column":29}},"loc":{"start":{"line":174,"column":50},"end":{"line":178,"column":2}}},"14":{"name":"(anonymous_22)","decl":{"start":{"line":174,"column":50},"end":{"line":174,"column":null}},"loc":{"start":{"line":174,"column":50},"end":{"line":178,"column":1}}},"15":{"name":"(anonymous_23)","decl":{"start":{"line":180,"column":27},"end":{"line":180,"column":34}},"loc":{"start":{"line":180,"column":52},"end":{"line":195,"column":2}}},"16":{"name":"(anonymous_24)","decl":{"start":{"line":180,"column":52},"end":{"line":180,"column":null}},"loc":{"start":{"line":180,"column":52},"end":{"line":195,"column":1}}},"17":{"name":"(anonymous_25)","decl":{"start":{"line":197,"column":33},"end":{"line":197,"column":40}},"loc":{"start":{"line":197,"column":74},"end":{"line":234,"column":2}}},"18":{"name":"(anonymous_26)","decl":{"start":{"line":197,"column":74},"end":{"line":197,"column":null}},"loc":{"start":{"line":197,"column":74},"end":{"line":234,"column":1}}},"19":{"name":"(anonymous_27)","decl":{"start":{"line":205,"column":12},"end":{"line":205,"column":13}},"loc":{"start":{"line":205,"column":30},"end":{"line":205,"column":49}}},"20":{"name":"(anonymous_28)","decl":{"start":{"line":206,"column":9},"end":{"line":206,"column":10}},"loc":{"start":{"line":206,"column":27},"end":{"line":206,"column":48}}},"21":{"name":"(anonymous_29)","decl":{"start":{"line":236,"column":33},"end":{"line":236,"column":40}},"loc":{"start":{"line":236,"column":58},"end":{"line":260,"column":2}}},"22":{"name":"(anonymous_30)","decl":{"start":{"line":236,"column":58},"end":{"line":236,"column":null}},"loc":{"start":{"line":236,"column":58},"end":{"line":260,"column":1}}},"23":{"name":"(anonymous_31)","decl":{"start":{"line":262,"column":34},"end":{"line":262,"column":41}},"loc":{"start":{"line":262,"column":58},"end":{"line":288,"column":2}}},"24":{"name":"(anonymous_32)","decl":{"start":{"line":262,"column":58},"end":{"line":262,"column":null}},"loc":{"start":{"line":262,"column":58},"end":{"line":288,"column":1}}},"25":{"name":"(anonymous_33)","decl":{"start":{"line":290,"column":33},"end":{"line":290,"column":40}},"loc":{"start":{"line":290,"column":75},"end":{"line":298,"column":2}}},"26":{"name":"(anonymous_34)","decl":{"start":{"line":290,"column":75},"end":{"line":290,"column":null}},"loc":{"start":{"line":290,"column":75},"end":{"line":298,"column":1}}},"27":{"name":"(anonymous_35)","decl":{"start":{"line":300,"column":24},"end":{"line":300,"column":null}},"loc":{"start":{"line":305,"column":4},"end":{"line":350,"column":2}}},"28":{"name":"(anonymous_36)","decl":{"start":{"line":305,"column":4},"end":{"line":305,"column":null}},"loc":{"start":{"line":305,"column":4},"end":{"line":350,"column":1}}},"29":{"name":"(anonymous_37)","decl":{"start":{"line":338,"column":42},"end":{"line":338,"column":43}},"loc":{"start":{"line":339,"column":4},"end":{"line":339,"column":74}}},"30":{"name":"(anonymous_38)","decl":{"start":{"line":352,"column":27},"end":{"line":352,"column":34}},"loc":{"start":{"line":352,"column":51},"end":{"line":378,"column":2}}},"31":{"name":"(anonymous_39)","decl":{"start":{"line":352,"column":51},"end":{"line":352,"column":null}},"loc":{"start":{"line":352,"column":51},"end":{"line":378,"column":1}}},"32":{"name":"(anonymous_40)","decl":{"start":{"line":380,"column":27},"end":{"line":380,"column":34}},"loc":{"start":{"line":380,"column":52},"end":{"line":390,"column":2}}},"33":{"name":"(anonymous_41)","decl":{"start":{"line":380,"column":52},"end":{"line":380,"column":null}},"loc":{"start":{"line":380,"column":52},"end":{"line":390,"column":1}}},"34":{"name":"(anonymous_42)","decl":{"start":{"line":392,"column":28},"end":{"line":392,"column":null}},"loc":{"start":{"line":396,"column":4},"end":{"line":414,"column":2}}},"35":{"name":"(anonymous_43)","decl":{"start":{"line":396,"column":4},"end":{"line":396,"column":null}},"loc":{"start":{"line":396,"column":4},"end":{"line":414,"column":1}}}},"branchMap":{"0":{"loc":{"start":{"line":78,"column":4},"end":{"line":80,"column":5}},"type":"if","locations":[{"start":{"line":78,"column":4},"end":{"line":80,"column":5}}]},"1":{"loc":{"start":{"line":112,"column":11},"end":{"line":114,"column":25}},"type":"cond-expr","locations":[{"start":{"line":113,"column":8},"end":{"line":113,"column":29}},{"start":{"line":114,"column":8},"end":{"line":114,"column":25}}]},"2":{"loc":{"start":{"line":120,"column":2},"end":{"line":122,"column":null}},"type":"cond-expr","locations":[{"start":{"line":121,"column":6},"end":{"line":121,"column":67}},{"start":{"line":122,"column":6},"end":{"line":122,"column":null}}]},"3":{"loc":{"start":{"line":144,"column":4},"end":{"line":146,"column":5}},"type":"if","locations":[{"start":{"line":144,"column":4},"end":{"line":146,"column":5}}]},"4":{"loc":{"start":{"line":198,"column":2},"end":{"line":200,"column":3}},"type":"if","locations":[{"start":{"line":198,"column":2},"end":{"line":200,"column":3}}]},"5":{"loc":{"start":{"line":208,"column":2},"end":{"line":212,"column":3}},"type":"if","locations":[{"start":{"line":208,"column":2},"end":{"line":212,"column":3}},{"start":{"line":210,"column":9},"end":{"line":212,"column":3}}]},"6":{"loc":{"start":{"line":266,"column":2},"end":{"line":269,"column":3}},"type":"if","locations":[{"start":{"line":266,"column":2},"end":{"line":269,"column":3}}]},"7":{"loc":{"start":{"line":309,"column":2},"end":{"line":315,"column":3}},"type":"if","locations":[{"start":{"line":309,"column":2},"end":{"line":315,"column":3}},{"start":{"line":312,"column":9},"end":{"line":315,"column":3}}]},"8":{"loc":{"start":{"line":312,"column":9},"end":{"line":315,"column":3}},"type":"if","locations":[{"start":{"line":312,"column":9},"end":{"line":315,"column":3}}]},"9":{"loc":{"start":{"line":363,"column":2},"end":{"line":367,"column":3}},"type":"if","locations":[{"start":{"line":363,"column":2},"end":{"line":367,"column":3}},{"start":{"line":365,"column":9},"end":{"line":367,"column":3}}]}},"s":{"0":1,"1":1,"2":1,"3":1,"4":1,"5":1,"6":1,"7":1,"8":1,"9":1,"10":1,"11":1,"12":1,"13":1,"14":1,"15":1,"16":1,"17":1,"18":1,"19":1,"20":1,"21":1,"22":1,"23":1,"24":1,"25":1,"26":1,"27":1,"28":1,"29":1,"30":1,"31":1,"32":1,"33":1,"34":1,"35":1,"36":2,"37":2,"38":2,"39":2,"40":1,"41":1,"42":1,"43":1,"44":1,"45":1,"46":2,"47":1,"48":1,"49":1,"50":1,"51":1,"52":1,"53":1,"54":2,"55":1,"56":2,"57":1,"58":1,"59":2,"60":2,"61":2,"62":2,"63":1,"64":2,"65":1,"66":1,"67":1,"68":1,"69":1,"70":2,"71":1,"72":1,"73":1,"74":1,"75":1,"76":1,"77":1,"78":1,"79":1,"80":1,"81":1,"82":1,"83":1,"84":1,"85":1,"86":1,"87":1,"88":3,"89":3,"90":1,"91":3,"92":3,"93":4,"94":4,"95":3,"96":2,"97":1,"98":3,"99":3,"100":3,"101":3,"102":3,"103":3,"104":3,"105":3,"106":1,"107":1,"108":1,"109":1,"110":1,"111":1,"112":1,"113":1,"114":2,"115":2,"116":2,"117":2,"118":1,"119":1,"120":1,"121":1,"122":1,"123":1,"124":1,"125":1,"126":1,"127":1,"128":1,"129":1,"130":1,"131":1,"132":1,"133":1,"134":1,"135":2,"136":2,"137":2,"138":2,"139":1,"140":1,"141":1,"142":1,"143":1,"144":2,"145":2,"146":2,"147":2,"148":2,"149":2,"150":2,"151":2,"152":2,"153":4,"154":2,"155":2,"156":1,"157":1,"158":2,"159":2,"160":2,"161":2,"162":2,"163":1,"164":1,"165":2,"166":2,"167":1,"168":1,"169":1,"170":1,"171":1,"172":1,"173":1,"174":1,"175":1,"176":1,"177":1,"178":1,"179":1,"180":1,"181":1,"182":1,"183":1},"f":{"0":1,"1":1,"2":1,"3":1,"4":1,"5":1,"6":2,"7":1,"8":1,"9":2,"10":2,"11":2,"12":2,"13":1,"14":1,"15":1,"16":1,"17":3,"18":3,"19":4,"20":4,"21":1,"22":1,"23":2,"24":2,"25":1,"26":1,"27":2,"28":2,"29":4,"30":2,"31":2,"32":1,"33":1,"34":1,"35":1},"b":{"0":[2],"1":[0,2],"2":[1,0],"3":[2],"4":[1],"5":[2,1],"6":[1],"7":[1,1],"8":[1],"9":[1,1]}}
,"C:\\Users\\echk1\\Desktop\\finalProject\\back\\src\\utils\\emptyResult.ts": {"path":"C:\\Users\\echk1\\Desktop\\finalProject\\back\\src\\utils\\emptyResult.ts","statementMap":{"0":{"start":{"line":1,"column":0},"end":{"line":1,"column":50}},"1":{"start":{"line":8,"column":35},"end":{"line":10,"column":1}},"2":{"start":{"line":9,"column":2},"end":{"line":9,"column":55}},"3":{"start":{"line":8,"column":13},"end":{"line":8,"column":35}}},"fnMap":{"0":{"name":"(anonymous_0)","decl":{"start":{"line":8,"column":35},"end":{"line":8,"column":36}},"loc":{"start":{"line":8,"column":60},"end":{"line":10,"column":1}}}},"branchMap":{"0":{"loc":{"start":{"line":8,"column":36},"end":{"line":8,"column":56}},"type":"default-arg","locations":[{"start":{"line":8,"column":53},"end":{"line":8,"column":56}}]}},"s":{"0":2,"1":2,"2":3,"3":2},"f":{"0":3},"b":{"0":[3]}}
,"C:\\Users\\echk1\\Desktop\\finalProject\\back\\src\\utils\\successResult.ts": {"path":"C:\\Users\\echk1\\Desktop\\finalProject\\back\\src\\utils\\successResult.ts","statementMap":{"0":{"start":{"line":1,"column":0},"end":{"line":1,"column":50}},"1":{"start":{"line":9,"column":37},"end":{"line":14,"column":1}},"2":{"start":{"line":13,"column":2},"end":{"line":13,"column":56}},"3":{"start":{"line":9,"column":13},"end":{"line":9,"column":37}}},"fnMap":{"0":{"name":"(anonymous_0)","decl":{"start":{"line":9,"column":37},"end":{"line":9,"column":null}},"loc":{"start":{"line":12,"column":4},"end":{"line":14,"column":1}}}},"branchMap":{"0":{"loc":{"start":{"line":11,"column":2},"end":{"line":11,"column":22}},"type":"default-arg","locations":[{"start":{"line":11,"column":19},"end":{"line":11,"column":22}}]}},"s":{"0":1,"1":1,"2":7,"3":1},"f":{"0":7},"b":{"0":[7]}}
}
