TN:
SF:src\controllers\userController.ts
FN:29,(anonymous_7)
FN:29,(anonymous_8)
FN:49,(anonymous_9)
FN:49,(anonymous_10)
FN:63,(anonymous_11)
FN:63,(anonymous_12)
FN:77,(anonymous_13)
FN:77,(anonymous_14)
FN:92,(anonymous_15)
FN:92,(anonymous_16)
FN:109,(anonymous_17)
FN:109,(anonymous_18)
FN:120,(anonymous_19)
FN:129,(anonymous_20)
FN:129,(anonymous_21)
FN:145,(anonymous_22)
FN:145,(anonymous_23)
FN:170,(anonymous_24)
FN:170,(anonymous_25)
FN:191,(anonymous_26)
FN:191,(anonymous_27)
FN:212,(anonymous_28)
FN:212,(anonymous_29)
FN:227,(anonymous_30)
FN:227,(anonymous_31)
FN:263,(anonymous_32)
FN:271,(anonymous_33)
FN:271,(anonymous_34)
FN:294,(anonymous_35)
FN:294,(anonymous_36)
FN:306,(anonymous_37)
FN:306,(anonymous_38)
FN:329,(anonymous_39)
FN:337,(anonymous_40)
FN:337,(anonymous_41)
FNF:35
FNH:35
FNDA:2,(anonymous_7)
FNDA:2,(anonymous_8)
FNDA:1,(anonymous_9)
FNDA:1,(anonymous_10)
FNDA:1,(anonymous_11)
FNDA:1,(anonymous_12)
FNDA:1,(anonymous_13)
FNDA:1,(anonymous_14)
FNDA:1,(anonymous_15)
FNDA:1,(anonymous_16)
FNDA:2,(anonymous_17)
FNDA:2,(anonymous_18)
FNDA:2,(anonymous_19)
FNDA:1,(anonymous_20)
FNDA:1,(anonymous_21)
FNDA:2,(anonymous_22)
FNDA:2,(anonymous_23)
FNDA:2,(anonymous_24)
FNDA:2,(anonymous_25)
FNDA:2,(anonymous_26)
FNDA:2,(anonymous_27)
FNDA:1,(anonymous_28)
FNDA:1,(anonymous_29)
FNDA:3,(anonymous_30)
FNDA:3,(anonymous_31)
FNDA:1,(anonymous_32)
FNDA:2,(anonymous_33)
FNDA:2,(anonymous_34)
FNDA:1,(anonymous_35)
FNDA:1,(anonymous_36)
FNDA:2,(anonymous_37)
FNDA:2,(anonymous_38)
FNDA:1,(anonymous_39)
FNDA:2,(anonymous_40)
FNDA:2,(anonymous_41)
DA:2,1
DA:18,1
DA:20,1
DA:21,1
DA:22,1
DA:23,1
DA:25,1
DA:26,1
DA:27,1
DA:29,2
DA:32,2
DA:34,2
DA:36,2
DA:38,2
DA:40,1
DA:44,1
DA:46,1
DA:49,1
DA:57,1
DA:58,1
DA:60,1
DA:63,1
DA:71,1
DA:72,1
DA:74,1
DA:77,1
DA:84,1
DA:85,1
DA:87,1
DA:89,1
DA:92,1
DA:100,1
DA:101,1
DA:102,1
DA:104,1
DA:106,1
DA:109,2
DA:116,2
DA:118,2
DA:120,2
DA:121,2
DA:122,1
DA:124,1
DA:125,1
DA:129,1
DA:137,1
DA:140,1
DA:142,1
DA:145,2
DA:154,2
DA:156,2
DA:157,2
DA:159,2
DA:161,2
DA:162,1
DA:165,1
DA:167,1
DA:170,2
DA:178,2
DA:179,2
DA:181,2
DA:182,1
DA:186,1
DA:188,1
DA:191,2
DA:195,2
DA:197,2
DA:198,2
DA:200,2
DA:201,1
DA:202,1
DA:205,1
DA:207,1
DA:212,1
DA:219,1
DA:222,1
DA:224,1
DA:227,3
DA:231,3
DA:232,3
DA:234,3
DA:235,1
DA:236,1
DA:239,2
DA:240,2
DA:241,1
DA:245,1
DA:247,1
DA:250,1
DA:253,1
DA:260,1
DA:263,1
DA:268,1
DA:271,2
DA:279,2
DA:280,2
DA:281,2
DA:282,2
DA:284,2
DA:285,1
DA:288,1
DA:290,1
DA:294,1
DA:298,1
DA:300,1
DA:302,1
DA:306,2
DA:310,2
DA:312,2
DA:319,2
DA:320,2
DA:321,1
DA:324,1
DA:326,1
DA:329,1
DA:333,1
DA:337,2
DA:341,2
DA:343,2
DA:345,2
DA:347,2
DA:348,1
DA:351,1
DA:353,1
LF:124
LH:124
BRDA:38,0,0,1
BRDA:84,1,0,1
BRDA:84,1,1,0
BRDA:85,2,0,1
BRDA:85,2,1,0
BRDA:100,3,0,1
BRDA:100,3,1,0
BRDA:101,4,0,1
BRDA:101,4,1,0
BRDA:121,5,0,1
BRDA:161,6,0,1
BRDA:181,7,0,1
BRDA:200,8,0,1
BRDA:234,9,0,1
BRDA:240,10,0,1
BRDA:281,11,0,2
BRDA:281,11,1,2
BRDA:282,12,0,2
BRDA:282,12,1,2
BRDA:284,13,0,1
BRDA:284,14,0,2
BRDA:284,14,1,2
BRDA:284,14,2,1
BRDA:320,15,0,1
BRDA:347,16,0,1
BRF:25
BRH:21
end_of_record
TN:
SF:src\dtos\diaryDTO.ts
FN:20,(anonymous_2)
FN:30,(anonymous_3)
FN:82,(anonymous_4)
FN:90,(anonymous_5)
FNF:4
FNH:2
FNDA:14,(anonymous_2)
FNDA:4,(anonymous_3)
FNDA:0,(anonymous_4)
FNDA:0,(anonymous_5)
DA:2,2
DA:10,2
DA:12,2
DA:15,2
DA:21,14
DA:22,14
DA:23,14
DA:27,2
DA:31,4
DA:32,4
DA:35,2
DA:37,2
DA:40,2
DA:43,2
DA:46,2
DA:50,2
DA:52,2
DA:55,2
DA:58,2
DA:61,2
DA:64,2
DA:67,2
DA:70,2
DA:73,2
DA:76,2
DA:79,2
DA:82,0
DA:83,2
DA:86,2
DA:89,2
DA:90,0
DA:93,2
DA:97,2
DA:100,2
DA:103,2
DA:107,2
LF:36
LH:34
BRF:0
BRH:0
end_of_record
TN:
SF:src\dtos\userDTO.ts
FN:11,(anonymous_2)
FNF:1
FNH:0
FNDA:0,(anonymous_2)
DA:1,2
DA:2,2
DA:3,2
DA:6,2
DA:12,0
DA:13,0
DA:14,0
DA:18,2
DA:20,2
DA:23,2
DA:26,2
DA:29,2
DA:32,2
DA:35,2
DA:38,2
DA:41,2
DA:44,2
DA:47,2
DA:50,2
DA:53,2
DA:55,2
DA:58,2
DA:61,2
DA:64,2
DA:67,2
DA:71,2
DA:75,2
DA:79,2
DA:83,2
LF:29
LH:26
BRF:0
BRH:0
end_of_record
TN:
SF:src\middlewares\authenticateJwt.ts
FN:8,(anonymous_8)
FN:12,(anonymous_9)
FN:17,(anonymous_10)
FN:17,(anonymous_11)
FNF:4
FNH:4
FNDA:4,(anonymous_8)
FNDA:4,(anonymous_9)
FNDA:4,(anonymous_10)
FNDA:4,(anonymous_11)
DA:2,1
DA:5,1
DA:6,1
DA:8,1
DA:12,4
DA:13,4
DA:14,4
DA:17,4
DA:18,4
DA:20,1
DA:22,4
DA:25,2
DA:28,2
DA:29,2
DA:34,2
DA:35,1
DA:37,1
DA:41,2
DA:42,2
DA:47,4
LF:20
LH:20
BRDA:18,0,0,1
BRDA:22,1,0,2
BRDA:28,2,0,2
BRDA:34,3,0,1
BRDA:34,3,1,1
BRF:5
BRH:5
end_of_record
TN:
SF:src\middlewares\authenticateLocal.ts
FN:9,(anonymous_8)
FN:18,(anonymous_9)
FN:18,(anonymous_10)
FN:50,(anonymous_11)
FN:59,(anonymous_12)
FN:59,(anonymous_13)
FNF:6
FNH:6
FNDA:4,(anonymous_8)
FNDA:4,(anonymous_9)
FNDA:4,(anonymous_10)
FNDA:4,(anonymous_11)
FNDA:4,(anonymous_12)
FNDA:4,(anonymous_13)
DA:1,1
DA:4,1
DA:6,1
DA:7,1
DA:9,1
DA:14,4
DA:15,4
DA:18,4
DA:19,4
DA:20,1
DA:22,4
DA:23,2
DA:25,4
DA:26,1
DA:28,1
DA:30,1
DA:32,1
DA:35,1
DA:41,1
DA:46,4
DA:50,1
DA:55,4
DA:56,4
DA:59,4
DA:60,4
DA:61,1
DA:63,4
DA:64,2
DA:66,4
DA:67,1
DA:71,1
DA:72,1
DA:74,1
DA:75,1
DA:76,1
DA:77,1
DA:78,1
DA:83,4
LF:38
LH:38
BRDA:19,0,0,1
BRDA:22,1,0,2
BRDA:25,2,0,1
BRDA:60,3,0,1
BRDA:63,4,0,2
BRDA:66,5,0,1
BRF:6
BRH:6
end_of_record
TN:
SF:src\services\userService.ts
FN:13,(anonymous_8)
FN:13,(anonymous_9)
FN:40,(anonymous_10)
FN:40,(anonymous_11)
FN:57,(anonymous_12)
FN:57,(anonymous_13)
FN:91,(anonymous_14)
FN:105,(anonymous_15)
FN:109,(anonymous_16)
FN:111,(anonymous_17)
FN:121,(anonymous_18)
FN:150,(anonymous_19)
FN:160,(anonymous_20)
FN:174,(anonymous_21)
FN:174,(anonymous_22)
FN:180,(anonymous_23)
FN:180,(anonymous_24)
FN:197,(anonymous_25)
FN:197,(anonymous_26)
FN:205,(anonymous_27)
FN:206,(anonymous_28)
FN:236,(anonymous_29)
FN:236,(anonymous_30)
FN:262,(anonymous_31)
FN:262,(anonymous_32)
FN:290,(anonymous_33)
FN:290,(anonymous_34)
FN:300,(anonymous_35)
FN:305,(anonymous_36)
FN:338,(anonymous_37)
FN:352,(anonymous_38)
FN:352,(anonymous_39)
FN:380,(anonymous_40)
FN:380,(anonymous_41)
FN:392,(anonymous_42)
FN:396,(anonymous_43)
FNF:36
FNH:36
FNDA:1,(anonymous_8)
FNDA:1,(anonymous_9)
FNDA:1,(anonymous_10)
FNDA:1,(anonymous_11)
FNDA:1,(anonymous_12)
FNDA:1,(anonymous_13)
FNDA:2,(anonymous_14)
FNDA:1,(anonymous_15)
FNDA:1,(anonymous_16)
FNDA:2,(anonymous_17)
FNDA:2,(anonymous_18)
FNDA:2,(anonymous_19)
FNDA:2,(anonymous_20)
FNDA:1,(anonymous_21)
FNDA:1,(anonymous_22)
FNDA:1,(anonymous_23)
FNDA:1,(anonymous_24)
FNDA:3,(anonymous_25)
FNDA:3,(anonymous_26)
FNDA:4,(anonymous_27)
FNDA:4,(anonymous_28)
FNDA:1,(anonymous_29)
FNDA:1,(anonymous_30)
FNDA:2,(anonymous_31)
FNDA:2,(anonymous_32)
FNDA:1,(anonymous_33)
FNDA:1,(anonymous_34)
FNDA:2,(anonymous_35)
FNDA:2,(anonymous_36)
FNDA:4,(anonymous_37)
FNDA:2,(anonymous_38)
FNDA:2,(anonymous_39)
FNDA:1,(anonymous_40)
FNDA:1,(anonymous_41)
FNDA:1,(anonymous_42)
FNDA:1,(anonymous_43)
DA:1,1
DA:2,1
DA:3,1
DA:4,1
DA:5,1
DA:6,1
DA:7,1
DA:8,1
DA:10,1
DA:11,1
DA:13,1
DA:14,1
DA:17,1
DA:18,1
DA:23,1
DA:25,1
DA:29,1
DA:30,1
DA:32,1
DA:36,1
DA:37,1
DA:40,1
DA:41,1
DA:47,1
DA:49,1
DA:53,1
DA:54,1
DA:57,1
DA:58,1
DA:67,1
DA:69,1
DA:70,2
DA:77,2
DA:78,2
DA:79,2
DA:83,1
DA:85,1
DA:86,1
DA:87,1
DA:89,1
DA:91,1
DA:92,2
DA:95,1
DA:102,1
DA:105,1
DA:109,1
DA:110,1
DA:111,1
DA:112,2
DA:116,1
DA:121,2
DA:128,1
DA:134,1
DA:135,2
DA:142,2
DA:144,2
DA:145,2
DA:149,1
DA:150,2
DA:153,1
DA:155,1
DA:156,1
DA:158,1
DA:160,1
DA:161,2
DA:164,1
DA:171,1
DA:174,1
DA:175,1
DA:177,1
DA:180,1
DA:181,1
DA:187,1
DA:189,1
DA:192,1
DA:194,1
DA:197,3
DA:198,3
DA:199,1
DA:202,3
DA:204,3
DA:205,4
DA:206,4
DA:208,3
DA:209,2
DA:211,1
DA:214,3
DA:219,3
DA:221,3
DA:225,3
DA:227,3
DA:229,3
DA:232,3
DA:233,3
DA:236,1
DA:237,1
DA:245,1
DA:253,1
DA:262,2
DA:263,2
DA:264,2
DA:266,2
DA:267,1
DA:268,1
DA:272,1
DA:273,1
DA:276,1
DA:278,1
DA:279,1
DA:282,1
DA:290,1
DA:291,1
DA:294,1
DA:296,1
DA:297,1
DA:300,1
DA:305,2
DA:306,2
DA:307,2
DA:309,2
DA:310,1
DA:311,1
DA:312,1
DA:313,1
DA:314,1
DA:317,2
DA:319,2
DA:325,2
DA:330,2
DA:331,2
DA:333,2
DA:334,2
DA:336,2
DA:338,2
DA:339,4
DA:342,2
DA:349,2
DA:352,2
DA:353,2
DA:355,2
DA:360,2
DA:363,2
DA:364,1
DA:366,1
DA:368,2
DA:370,2
DA:380,1
DA:381,1
DA:389,1
DA:392,1
DA:396,1
DA:398,1
DA:400,1
DA:402,1
DA:404,1
DA:406,1
DA:408,1
DA:412,1
DA:413,1
LF:159
LH:159
BRDA:78,0,0,2
BRDA:112,1,0,0
BRDA:112,1,1,2
BRDA:120,2,0,1
BRDA:120,2,1,0
BRDA:144,3,0,2
BRDA:198,4,0,1
BRDA:208,5,0,2
BRDA:208,5,1,1
BRDA:266,6,0,1
BRDA:309,7,0,1
BRDA:309,7,1,1
BRDA:312,8,0,1
BRDA:363,9,0,1
BRDA:363,9,1,1
BRF:15
BRH:13
end_of_record
TN:
SF:src\utils\emptyResult.ts
FN:8,(anonymous_0)
FNF:1
FNH:1
FNDA:3,(anonymous_0)
DA:1,2
DA:8,2
DA:9,3
LF:3
LH:3
BRDA:8,0,0,3
BRF:1
BRH:1
end_of_record
TN:
SF:src\utils\successResult.ts
FN:9,(anonymous_0)
FNF:1
FNH:1
FNDA:7,(anonymous_0)
DA:1,1
DA:9,1
DA:13,7
LF:3
LH:3
BRDA:11,0,0,7
BRF:1
BRH:1
end_of_record
